
==================================================================

10.230.2.102

Adding user `mathieutest' to group `sudo' ...
Adding user mathieutest to group sudo
Done.
the account is setup

==================================================================

10.230.2.103

Adding user `mathieutest' to group `sudo' ...
Adding user mathieutest to group sudo
Done.
the account is setup

==================================================================

10.230.2.104

Adding user `mathieutest' to group `sudo' ...
Adding user mathieutest to group sudo
Done.
the account is setup

==================================================================

10.230.4.116

Adding user `mathieutest' to group `sudo' ...
Adding user mathieutest to group sudo
Done.
the account is setup

==================================================================

10.230.4.117

Adding user `mathieutest' to group `sudo' ...
Adding user mathieutest to group sudo
Done.
the account is setup

==================================================================

10.230.4.118

Adding user `mathieutest' to group `sudo' ...
Adding user mathieutest to group sudo
Done.
the account is setup

==================================================================

10.231.2.71

Adding user `mathieutest' to group `sudo' ...
Adding user mathieutest to group sudo
Done.
the account is setup

==================================================================

10.231.2.72

Adding user `mathieutest' to group `sudo' ...
Adding user mathieutest to group sudo
Done.
the account is setup

==================================================================

10.231.2.73

Adding user `mathieutest' to group `sudo' ...
Adding user mathieutest to group sudo
Done.
the account is setup

==================================================================

10.230.2.105

Adding user `mathieutest' to group `sudo' ...
Adding user mathieutest to group sudo
Done.
the account is setup

==================================================================

10.230.2.106

Adding user `mathieutest' to group `sudo' ...
Adding user mathieutest to group sudo
Done.
the account is setup

==================================================================

10.230.2.107

Adding user `mathieutest' to group `sudo' ...
Adding user mathieutest to group sudo
Done.
the account is setup

==================================================================

10.230.8.120

Adding user `mathieutest' to group `sudo' ...
Adding user mathieutest to group sudo
Done.
the account is setup

==================================================================

10.230.3.200

Adding user `mathieutest' to group `sudo' ...
Adding user mathieutest to group sudo
Done.
the account is setup

==================================================================

10.230.5.15

Adding user `mathieutest' to group `sudo' ...
Adding user mathieutest to group sudo
Done.
the account is setup

==================================================================

10.230.8.118

Adding user `mathieutest' to group `sudo' ...
Adding user mathieutest to group sudo
Done.
the account is setup

==================================================================

10.230.8.119

Adding user `mathieutest' to group `sudo' ...
Adding user mathieutest to group sudo
Done.
the account is setup

==================================================================

10.230.8.122

Adding user `mathieutest' to group `sudo' ...
Adding user mathieutest to group sudo
Done.
the account is setup

==================================================================

10.231.8.112

Adding user `mathieutest' to group `sudo' ...
Adding user mathieutest to group sudo
Done.
the account is setup

==================================================================

10.231.8.113

Adding user `mathieutest' to group `sudo' ...
Adding user mathieutest to group sudo
Done.
the account is setup

==================================================================

10.231.8.116

Adding user `mathieutest' to group `sudo' ...
Adding user mathieutest to group sudo
Done.
the account is setup

==================================================================

10.230.8.112

Adding user `mathieutest' to group `sudo' ...
Adding user mathieutest to group sudo
Done.
the account is setup

==================================================================

10.230.8.24

Adding user `mathieutest' to group `sudo' ...
Adding user mathieutest to group sudo
Done.
the account is setup

==================================================================

10.230.8.25

Adding user `mathieutest' to group `sudo' ...
Adding user mathieutest to group sudo
Done.
the account is setup

==================================================================

10.230.8.26

Adding user `mathieutest' to group `sudo' ...
Adding user mathieutest to group sudo
Done.
the account is setup

==================================================================

10.230.8.123

Adding user `mathieutest' to group `sudo' ...
Adding user mathieutest to group sudo
Done.
the account is setup

==================================================================

10.230.8.124

Adding user `mathieutest' to group `sudo' ...
Adding user mathieutest to group sudo
Done.
the account is setup

==================================================================

10.230.8.125

Adding user `mathieutest' to group `sudo' ...
Adding user mathieutest to group sudo
Done.
the account is setup

==================================================================

10.230.8.126

Adding user `mathieutest' to group `sudo' ...
Adding user mathieutest to group sudo
Done.
the account is setup

==================================================================

10.230.8.127

Adding user `mathieutest' to group `sudo' ...
Adding user mathieutest to group sudo
Done.
the account is setup

==================================================================

10.230.8.128

Adding user `mathieutest' to group `sudo' ...
Adding user mathieutest to group sudo
Done.
the account is setup

==================================================================

10.230.8.121

Adding user `mathieutest' to group `sudo' ...
Adding user mathieutest to group sudo
Done.
the account is setup

==================================================================

10.230.4.108

Adding user `mathieutest' to group `sudo' ...
Adding user mathieutest to group sudo
Done.
the account is setup

==================================================================

10.230.4.109

Adding user `mathieutest' to group `sudo' ...
Adding user mathieutest to group sudo
Done.
the account is setup

==================================================================

10.230.4.110

Adding user `mathieutest' to group `sudo' ...
Adding user mathieutest to group sudo
Done.
the account is setup

==================================================================

10.230.4.111

Adding user `mathieutest' to group `sudo' ...
Adding user mathieutest to group sudo
Done.
the account is setup

==================================================================

10.230.4.112

Adding user `mathieutest' to group `sudo' ...
Adding user mathieutest to group sudo
Done.
the account is setup

==================================================================

10.230.4.113

Adding user `mathieutest' to group `sudo' ...
Adding user mathieutest to group sudo
Done.
the account is setup

==================================================================

10.231.4.32

Adding user `mathieutest' to group `sudo' ...
Adding user mathieutest to group sudo
Done.
the account is setup

==================================================================

10.231.4.33

Adding user `mathieutest' to group `sudo' ...
Adding user mathieutest to group sudo
Done.
the account is setup

==================================================================

10.231.4.34

Adding user `mathieutest' to group `sudo' ...
Adding user mathieutest to group sudo
Done.
the account is setup

==================================================================

10.230.8.21

Adding user `mathieutest' to group `sudo' ...
Adding user mathieutest to group sudo
Done.
the account is setup

==================================================================

10.230.8.22

Adding user `mathieutest' to group `sudo' ...
Adding user mathieutest to group sudo
Done.
the account is setup

==================================================================

10.230.8.23

Adding user `mathieutest' to group `sudo' ...
Adding user mathieutest to group sudo
Done.
the account is setup

==================================================================

10.231.8.20

Adding user `mathieutest' to group `sudo' ...
Adding user mathieutest to group sudo
Done.
the account is setup

==================================================================

10.231.2.74

Adding user `mathieutest' to group `sudo' ...
Adding user mathieutest to group sudo
Done.
the account is setup

==================================================================

10.231.2.75

Adding user `mathieutest' to group `sudo' ...
Adding user mathieutest to group sudo
Done.
the account is setup

==================================================================

10.230.8.27

Adding user `mathieutest' to group `sudo' ...
Adding user mathieutest to group sudo
Done.
the account is setup

==================================================================

10.230.8.28

Adding user `mathieutest' to group `sudo' ...
Adding user mathieutest to group sudo
Done.
the account is setup

==================================================================

10.230.8.29

Adding user `mathieutest' to group `sudo' ...
Adding user mathieutest to group sudo
Done.
the account is setup

==================================================================

10.230.3.20

Adding user `mathieutest' to group `sudo' ...
Adding user mathieutest to group sudo
Done.
the account is setup

==================================================================

10.230.3.21

Adding user `mathieutest' to group `sudo' ...
Adding user mathieutest to group sudo
Done.
the account is setup

==================================================================

10.231.3.20

Adding user `mathieutest' to group `sudo' ...
Adding user mathieutest to group sudo
Done.
the account is setup

==================================================================

10.230.3.27

Adding user `mathieutest' to group `sudo' ...
Adding user mathieutest to group sudo
Done.
the account is setup

==================================================================

10.230.3.28

Adding user `mathieutest' to group `sudo' ...
Adding user mathieutest to group sudo
Done.
the account is setup

==================================================================

10.230.4.42

Adding user `mathieutest' to group `sudo' ...
Adding user mathieutest to group sudo
Done.
the account is setup

